<?xml version="1.0" encoding="UTF-8"?>
<testng-results ignored="0" total="1" passed="1" failed="0" skipped="0">
  <reporter-output>
  </reporter-output>
  <suite started-at="2023-02-25T07:15:00 IST" name="Suite" finished-at="2023-02-25T07:15:16 IST" duration-ms="15759">
    <groups>
    </groups>
    <test started-at="2023-02-25T07:15:00 IST" name="Sauce Test Execution" finished-at="2023-02-25T07:15:16 IST" duration-ms="15759">
      <class name="com.sauce.testCases.Sauce_Final_Test">
        <test-method is-config="true" signature="setUp()[pri:0, instance:com.sauce.testCases.Sauce_Final_Test@6cd28fa7]" started-at="2023-02-25T07:15:01 IST" name="setUp" finished-at="2023-02-25T07:15:12 IST" duration-ms="10462" status="PASS">
          <reporter-output>
          </reporter-output>
        </test-method> <!-- setUp -->
        <test-method signature="login()[pri:0, instance:com.sauce.testCases.Sauce_Final_Test@6cd28fa7]" started-at="2023-02-25T07:15:12 IST" name="login" finished-at="2023-02-25T07:15:16 IST" duration-ms="3918" status="PASS">
          <reporter-output>
          </reporter-output>
        </test-method> <!-- login -->
        <test-method is-config="true" signature="tearDown()[pri:0, instance:com.sauce.testCases.Sauce_Final_Test@6cd28fa7]" started-at="2023-02-25T07:15:16 IST" name="tearDown" finished-at="2023-02-25T07:15:16 IST" duration-ms="374" status="PASS">
          <reporter-output>
          </reporter-output>
        </test-method> <!-- tearDown -->
      </class> <!-- com.sauce.testCases.Sauce_Final_Test -->
    </test> <!-- Sauce Test Execution -->
  </suite> <!-- Suite -->
</testng-results>
