<?xml version="1.0" encoding="UTF-8"?>
<testng-results skipped="0" failed="0" ignored="0" total="1" passed="1">
  <reporter-output>
  </reporter-output>
  <suite name="Suite" duration-ms="27952" started-at="2023-02-24T01:04:26Z" finished-at="2023-02-24T01:04:54Z">
    <groups>
    </groups>
    <test name="Sauce Test Execution" duration-ms="27952" started-at="2023-02-24T01:04:26Z" finished-at="2023-02-24T01:04:54Z">
      <class name="com.sauce.testCases.Sauce_Final_Test">
        <test-method status="PASS" signature="setUp()[pri:0, instance:com.sauce.testCases.Sauce_Final_Test@63753b6d]" name="setUp" is-config="true" duration-ms="17725" started-at="2023-02-24T01:04:26Z" finished-at="2023-02-24T01:04:44Z">
          <reporter-output>
          </reporter-output>
        </test-method> <!-- setUp -->
        <test-method status="PASS" signature="login()[pri:0, instance:com.sauce.testCases.Sauce_Final_Test@63753b6d]" name="login" duration-ms="8264" started-at="2023-02-24T01:04:44Z" finished-at="2023-02-24T01:04:52Z">
          <reporter-output>
          </reporter-output>
        </test-method> <!-- login -->
        <test-method status="PASS" signature="tearDown()[pri:0, instance:com.sauce.testCases.Sauce_Final_Test@63753b6d]" name="tearDown" is-config="true" duration-ms="1236" started-at="2023-02-24T01:04:52Z" finished-at="2023-02-24T01:04:54Z">
          <reporter-output>
          </reporter-output>
        </test-method> <!-- tearDown -->
      </class> <!-- com.sauce.testCases.Sauce_Final_Test -->
    </test> <!-- Sauce Test Execution -->
  </suite> <!-- Suite -->
</testng-results>
